[debug] [2022-07-19T02:04:34.789Z] ----------------------------------------------------------------------
[debug] [2022-07-19T02:04:34.791Z] Command:       C:\Program Files\nodejs\node.exe C:\Users\Rakshiii\AppData\Roaming\npm\node_modules\firebase-tools\lib\bin\firebase.js init functions
[debug] [2022-07-19T02:04:34.792Z] CLI Version:   11.2.2
[debug] [2022-07-19T02:04:34.792Z] Platform:      win32
[debug] [2022-07-19T02:04:34.792Z] Node Version:  v16.16.0
[debug] [2022-07-19T02:04:34.793Z] Time:          Tue Jul 19 2022 07:34:34 GMT+0530 (India Standard Time)
[debug] [2022-07-19T02:04:34.793Z] ----------------------------------------------------------------------
[debug] 
[debug] [2022-07-19T02:04:34.851Z] > command requires scopes: ["email","openid","https://www.googleapis.com/auth/cloudplatformprojects.readonly","https://www.googleapis.com/auth/firebase","https://www.googleapis.com/auth/cloud-platform"]
[debug] [2022-07-19T02:04:34.851Z] > authorizing via signed-in user (dhanushtradersgurupura@gmail.com)
[info] 
     ######## #### ########  ######## ########     ###     ######  ########
     ##        ##  ##     ## ##       ##     ##  ##   ##  ##       ##
     ######    ##  ########  ######   ########  #########  ######  ######
     ##        ##  ##    ##  ##       ##     ## ##     ##       ## ##
     ##       #### ##     ## ######## ########  ##     ##  ######  ########

You're about to initialize a Firebase project in this directory:

  C:\Users\Rakshiii\Desktop\Web\dhanush-traders-app

Before we get started, keep in mind:

  * You are initializing within an existing Firebase project directory

[info] 
=== Project Setup
[info] 
[info] First, let's associate this project directory with a Firebase project.
[info] You can create multiple project aliases by running firebase use --add, 
[info] but for now we'll just set up a default project.
[info] 
[debug] [2022-07-19T02:04:41.776Z] Using project from CLI flag: dhanush-traders-app
[debug] [2022-07-19T02:04:41.780Z] >>> [apiv2][query] GET https://firebase.googleapis.com/v1beta1/projects/dhanush-traders-app [none]
[debug] [2022-07-19T02:04:42.400Z] <<< [apiv2][status] GET https://firebase.googleapis.com/v1beta1/projects/dhanush-traders-app 200
[debug] [2022-07-19T02:04:42.400Z] <<< [apiv2][body] GET https://firebase.googleapis.com/v1beta1/projects/dhanush-traders-app {"projectId":"dhanush-traders-app","projectNumber":"451503509181","displayName":"dhanush-traders-app","name":"projects/dhanush-traders-app","resources":{"hostingSite":"dhanush-traders-app"},"state":"ACTIVE"}
[info] i  Using project dhanush-traders-app (dhanush-traders-app) 
[info] 
=== Functions Setup
[info] 
[info] A functions directory will be created in your project with sample code
[info] pre-configured. Functions can be deployed with firebase deploy.
[info] 
[debug] [2022-07-19T02:04:42.410Z] > command requires scopes: ["email","openid","https://www.googleapis.com/auth/cloudplatformprojects.readonly","https://www.googleapis.com/auth/firebase","https://www.googleapis.com/auth/cloud-platform"]
[debug] [2022-07-19T02:04:42.411Z] > authorizing via signed-in user (dhanushtradersgurupura@gmail.com)
[debug] [2022-07-19T02:04:42.411Z] [iam] checking project dhanush-traders-app for permissions ["firebase.projects.get"]
[debug] [2022-07-19T02:04:42.411Z] >>> [apiv2][query] POST https://cloudresourcemanager.googleapis.com/v1/projects/dhanush-traders-app:testIamPermissions [none]
[debug] [2022-07-19T02:04:42.411Z] >>> [apiv2][body] POST https://cloudresourcemanager.googleapis.com/v1/projects/dhanush-traders-app:testIamPermissions {"permissions":["firebase.projects.get"]}
[debug] [2022-07-19T02:04:44.046Z] <<< [apiv2][status] POST https://cloudresourcemanager.googleapis.com/v1/projects/dhanush-traders-app:testIamPermissions 200
[debug] [2022-07-19T02:04:44.047Z] <<< [apiv2][body] POST https://cloudresourcemanager.googleapis.com/v1/projects/dhanush-traders-app:testIamPermissions {"permissions":["firebase.projects.get"]}
[debug] [2022-07-19T02:04:44.050Z] >>> [apiv2][query] GET https://serviceusage.googleapis.com/v1/projects/dhanush-traders-app/services/cloudfunctions.googleapis.com [none]
[debug] [2022-07-19T02:04:44.053Z] >>> [apiv2][query] GET https://serviceusage.googleapis.com/v1/projects/dhanush-traders-app/services/runtimeconfig.googleapis.com [none]
[debug] [2022-07-19T02:04:45.880Z] <<< [apiv2][status] GET https://serviceusage.googleapis.com/v1/projects/dhanush-traders-app/services/cloudfunctions.googleapis.com 200
[debug] [2022-07-19T02:04:45.880Z] <<< [apiv2][body] GET https://serviceusage.googleapis.com/v1/projects/dhanush-traders-app/services/cloudfunctions.googleapis.com [omitted]
[debug] [2022-07-19T02:04:45.881Z] <<< [apiv2][status] GET https://serviceusage.googleapis.com/v1/projects/dhanush-traders-app/services/runtimeconfig.googleapis.com 200
[debug] [2022-07-19T02:04:45.882Z] <<< [apiv2][body] GET https://serviceusage.googleapis.com/v1/projects/dhanush-traders-app/services/runtimeconfig.googleapis.com [omitted]
[info] +  Wrote functions/package.json 
[info] +  Wrote functions/.eslintrc.js 
[info] +  Wrote functions/tsconfig.json 
[info] +  Wrote functions/tsconfig.dev.json 
[info] +  Wrote functions/src/index.ts 
[info] +  Wrote functions/.gitignore 
[debug] [2022-07-19T02:22:09.425Z] ----------------------------------------------------------------------
[debug] [2022-07-19T02:22:09.428Z] Command:       C:\Program Files\nodejs\node.exe C:\Users\Rakshiii\AppData\Roaming\npm\node_modules\firebase-tools\lib\bin\firebase.js deploy -P prod
[debug] [2022-07-19T02:22:09.429Z] CLI Version:   11.2.2
[debug] [2022-07-19T02:22:09.429Z] Platform:      win32
[debug] [2022-07-19T02:22:09.429Z] Node Version:  v16.16.0
[debug] [2022-07-19T02:22:09.430Z] Time:          Tue Jul 19 2022 07:52:09 GMT+0530 (India Standard Time)
[debug] [2022-07-19T02:22:09.430Z] ----------------------------------------------------------------------
[debug] 
[debug] [2022-07-19T02:22:09.506Z] > command requires scopes: ["email","openid","https://www.googleapis.com/auth/cloudplatformprojects.readonly","https://www.googleapis.com/auth/firebase","https://www.googleapis.com/auth/cloud-platform"]
[debug] [2022-07-19T02:22:09.507Z] > authorizing via signed-in user (dhanushtradersgurupura@gmail.com)
[debug] [2022-07-19T02:22:09.507Z] [iam] checking project prod for permissions ["firebase.projects.get","firebasehosting.sites.update"]
[debug] [2022-07-19T02:22:09.510Z] >>> [apiv2][query] POST https://cloudresourcemanager.googleapis.com/v1/projects/prod:testIamPermissions [none]
[debug] [2022-07-19T02:22:09.510Z] >>> [apiv2][body] POST https://cloudresourcemanager.googleapis.com/v1/projects/prod:testIamPermissions {"permissions":["firebase.projects.get","firebasehosting.sites.update"]}
[debug] [2022-07-19T02:22:11.738Z] <<< [apiv2][status] POST https://cloudresourcemanager.googleapis.com/v1/projects/prod:testIamPermissions 200
[debug] [2022-07-19T02:22:11.738Z] <<< [apiv2][body] POST https://cloudresourcemanager.googleapis.com/v1/projects/prod:testIamPermissions {}
[debug] [2022-07-19T02:22:11.738Z] [iam] error while checking permissions, command may fail: FirebaseError: Authorization failed. This account is missing the following required permissions on project prod:

  firebase.projects.get
  firebasehosting.sites.update
[debug] [2022-07-19T02:22:11.739Z] >>> [apiv2][query] GET https://firebase.googleapis.com/v1beta1/projects/prod [none]
[debug] [2022-07-19T02:22:12.758Z] <<< [apiv2][status] GET https://firebase.googleapis.com/v1beta1/projects/prod 403
[debug] [2022-07-19T02:22:12.759Z] <<< [apiv2][body] GET https://firebase.googleapis.com/v1beta1/projects/prod {"error":{"code":403,"message":"The caller does not have permission","status":"PERMISSION_DENIED"}}
[debug] [2022-07-19T02:22:12.760Z] HTTP Error: 403, The caller does not have permission
[debug] [2022-07-19T02:22:12.762Z] FirebaseError: HTTP Error: 403, The caller does not have permission
    at responseToError (C:\Users\Rakshiii\AppData\Roaming\npm\node_modules\firebase-tools\lib\responseToError.js:49:12)
    at RetryOperation._fn (C:\Users\Rakshiii\AppData\Roaming\npm\node_modules\firebase-tools\lib\apiv2.js:287:77)
    at processTicksAndRejections (node:internal/process/task_queues:96:5)
[error] 
[error] Error: Failed to get Firebase project prod. Please make sure the project exists and your account has permission to access it.
